d:\ntu\year 1\term 2\soft10101\project\rubiksgl\x64\debug\vc143.pdb
d:\ntu\year 1\term 2\soft10101\project\rubiksgl\x64\debug\vc143.idb
d:\ntu\year 1\term 2\soft10101\project\rubiksgl\x64\debug\view.obj
d:\ntu\year 1\term 2\soft10101\project\rubiksgl\x64\debug\shaders.obj
d:\ntu\year 1\term 2\soft10101\project\rubiksgl\x64\debug\save_file.obj
d:\ntu\year 1\term 2\soft10101\project\rubiksgl\x64\debug\main.obj
d:\ntu\year 1\term 2\soft10101\project\rubiksgl\x64\debug\cube_array.obj
d:\ntu\year 1\term 2\soft10101\project\rubiksgl\x64\debug\cube.obj
d:\ntu\year 1\term 2\soft10101\project\rubiksgl\x64\debug\rubiksgl.exe
d:\ntu\year 1\term 2\soft10101\project\rubiksgl\x64\debug\rubiksgl.ilk
d:\ntu\year 1\term 2\soft10101\project\rubiksgl\x64\debug\rubiksgl.pdb
d:\ntu\year 1\term 2\soft10101\project\rubiksgl\x64\debug\glew32d.dll
d:\ntu\year 1\term 2\soft10101\project\rubiksgl\x64\debug\glfw3.dll
c:\coding_projects\rubiks-gl\x64\debug\cube.obj
c:\coding_projects\rubiks-gl\x64\debug\cube_array.obj
c:\coding_projects\rubiks-gl\x64\debug\main.obj
c:\coding_projects\rubiks-gl\x64\debug\save_file.obj
c:\coding_projects\rubiks-gl\x64\debug\shaders.obj
c:\coding_projects\rubiks-gl\x64\debug\view.obj
c:\coding_projects\rubiks-gl\x64\debug\rubiksgl.ilk
c:\coding_projects\rubiks-gl\x64\debug\vc143.idb
c:\coding_projects\rubiks-gl\x64\debug\rubiksgl.pdb
c:\coding_projects\rubiks-gl\x64\debug\vc143.pdb
c:\coding_projects\rubiks-gl\x64\debug\rubiksgl.exe
c:\coding_projects\rubiks-gl\x64\debug\rubiksgl.tlog\cl.command.1.tlog
c:\coding_projects\rubiks-gl\x64\debug\rubiksgl.tlog\cl.read.1.tlog
c:\coding_projects\rubiks-gl\x64\debug\rubiksgl.tlog\cl.write.1.tlog
c:\coding_projects\rubiks-gl\x64\debug\rubiksgl.tlog\link.command.1.tlog
c:\coding_projects\rubiks-gl\x64\debug\rubiksgl.tlog\link.read.1.tlog
c:\coding_projects\rubiks-gl\x64\debug\rubiksgl.tlog\link.write.1.tlog
c:\coding_projects\rubiks-gl\x64\debug\rubiksgl.tlog\rubiksgl.write.1u.tlog
